This is pdfTeX, Version 3.14159265-2.6-1.40.18 (TeX Live 2017) (preloaded format=pdflatex 2017.10.23)  2 MAR 2018 00:44
entering extended mode
 restricted \write18 enabled.
 %&-line parsing enabled.
**writeup.tex
(./writeup.tex
LaTeX2e <2017-04-15>
Babel <3.14> and hyphenation patterns for 84 language(s) loaded.
(/usr/local/texlive/2017/texmf-dist/tex/latex/base/article.cls
Document Class: article 2014/09/29 v1.4h Standard LaTeX document class
(/usr/local/texlive/2017/texmf-dist/tex/latex/base/size10.clo
File: size10.clo 2014/09/29 v1.4h Standard LaTeX file (size option)
)
\c@part=\count79
\c@section=\count80
\c@subsection=\count81
\c@subsubsection=\count82
\c@paragraph=\count83
\c@subparagraph=\count84
\c@figure=\count85
\c@table=\count86
\abovecaptionskip=\skip41
\belowcaptionskip=\skip42
\bibindent=\dimen102
) (./cvpr.sty
(./eso-pic.sty
Package: eso-pic 2002/11/16 v1.1b eso-pic (RN)
 (./cvpr_eso.sty

LaTeX Warning: You have requested package `eso-pic',
               but the package provides `everyshi'.

Package: everyshi 2001/05/15 v3.00 EveryShipout Package (MS)
) (/usr/local/texlive/2017/texmf-dist/tex/latex/graphics/keyval.sty
Package: keyval 2014/10/28 v1.15 key=value parser (DPC)
\KV@toks@=\toks14
))
(/usr/local/texlive/2017/texmf-dist/tex/latex/tools/xspace.sty
Package: xspace 2014/10/28 v1.13 Space after command names (DPC,MH)
)
CVPR 8.5 x 11-Inch Proceedings Style `cvpr.sty'.
\@ctmp=\skip43
\@figindent=\skip44
\cvprrulerbox=\box26
\cvprrulercount=\count87
\cvprruleroffset=\dimen103
\cv@lineheight=\dimen104
\cv@boxheight=\dimen105
\cv@tmpbox=\box27
\cv@refno=\count88
\cv@tot=\count89
\cv@tmpc@=\count90
\cv@tmpc=\count91
) (/usr/local/texlive/2017/texmf-dist/tex/latex/psnfss/times.sty
Package: times 2005/04/12 PSNFSS-v9.2a (SPQR) 
)
(/usr/local/texlive/2017/texmf-dist/tex/latex/graphics/epsfig.sty
Package: epsfig 2017/06/25 v1.7b (e)psfig emulation (SPQR)

(/usr/local/texlive/2017/texmf-dist/tex/latex/graphics/graphicx.sty
Package: graphicx 2017/06/01 v1.1a Enhanced LaTeX Graphics (DPC,SPQR)

(/usr/local/texlive/2017/texmf-dist/tex/latex/graphics/graphics.sty
Package: graphics 2017/06/25 v1.2c Standard LaTeX Graphics (DPC,SPQR)

(/usr/local/texlive/2017/texmf-dist/tex/latex/graphics/trig.sty
Package: trig 2016/01/03 v1.10 sin cos tan (DPC)
)
(/usr/local/texlive/2017/texmf-dist/tex/latex/graphics-cfg/graphics.cfg
File: graphics.cfg 2016/06/04 v1.11 sample graphics configuration
)
Package graphics Info: Driver file: pdftex.def on input line 99.

(/usr/local/texlive/2017/texmf-dist/tex/latex/graphics-def/pdftex.def
File: pdftex.def 2017/06/24 v1.0g Graphics/color driver for pdftex
))
\Gin@req@height=\dimen106
\Gin@req@width=\dimen107
)
\epsfxsize=\dimen108
\epsfysize=\dimen109
)
(/usr/local/texlive/2017/texmf-dist/tex/latex/amsmath/amsmath.sty
Package: amsmath 2017/09/02 v2.17a AMS math features
\@mathmargin=\skip45

For additional information on amsmath, use the `?' option.
(/usr/local/texlive/2017/texmf-dist/tex/latex/amsmath/amstext.sty
Package: amstext 2000/06/29 v2.01 AMS text

(/usr/local/texlive/2017/texmf-dist/tex/latex/amsmath/amsgen.sty
File: amsgen.sty 1999/11/30 v2.0 generic functions
\@emptytoks=\toks15
\ex@=\dimen110
))
(/usr/local/texlive/2017/texmf-dist/tex/latex/amsmath/amsbsy.sty
Package: amsbsy 1999/11/29 v1.2d Bold Symbols
\pmbraise@=\dimen111
)
(/usr/local/texlive/2017/texmf-dist/tex/latex/amsmath/amsopn.sty
Package: amsopn 2016/03/08 v2.02 operator names
)
\inf@bad=\count92
LaTeX Info: Redefining \frac on input line 213.
\uproot@=\count93
\leftroot@=\count94
LaTeX Info: Redefining \overline on input line 375.
\classnum@=\count95
\DOTSCASE@=\count96
LaTeX Info: Redefining \ldots on input line 472.
LaTeX Info: Redefining \dots on input line 475.
LaTeX Info: Redefining \cdots on input line 596.
\Mathstrutbox@=\box28
\strutbox@=\box29
\big@size=\dimen112
LaTeX Font Info:    Redeclaring font encoding OML on input line 712.
LaTeX Font Info:    Redeclaring font encoding OMS on input line 713.
\macc@depth=\count97
\c@MaxMatrixCols=\count98
\dotsspace@=\muskip10
\c@parentequation=\count99
\dspbrk@lvl=\count100
\tag@help=\toks16
\row@=\count101
\column@=\count102
\maxfields@=\count103
\andhelp@=\toks17
\eqnshift@=\dimen113
\alignsep@=\dimen114
\tagshift@=\dimen115
\tagwidth@=\dimen116
\totwidth@=\dimen117
\lineht@=\dimen118
\@envbody=\toks18
\multlinegap=\skip46
\multlinetaggap=\skip47
\mathdisplay@stack=\toks19
LaTeX Info: Redefining \[ on input line 2817.
LaTeX Info: Redefining \] on input line 2818.
)
(/usr/local/texlive/2017/texmf-dist/tex/latex/amsfonts/amssymb.sty
Package: amssymb 2013/01/14 v3.01 AMS font symbols

(/usr/local/texlive/2017/texmf-dist/tex/latex/amsfonts/amsfonts.sty
Package: amsfonts 2013/01/14 v3.01 Basic AMSFonts support
\symAMSa=\mathgroup4
\symAMSb=\mathgroup5
LaTeX Font Info:    Overwriting math alphabet `\mathfrak' in version `bold'
(Font)                  U/euf/m/n --> U/euf/b/n on input line 106.
))
(/usr/local/texlive/2017/texmf-dist/tex/latex/subfig/subfig.sty
Package: subfig 2005/06/28 ver: 1.3 subfig package

(/usr/local/texlive/2017/texmf-dist/tex/latex/caption/caption.sty
Package: caption 2016/02/21 v3.3-144 Customizing captions (AR)

(/usr/local/texlive/2017/texmf-dist/tex/latex/caption/caption3.sty
Package: caption3 2016/05/22 v1.7-166 caption3 kernel (AR)
Package caption3 Info: TeX engine: e-TeX on input line 67.
\captionmargin=\dimen119
\captionmargin@=\dimen120
\captionwidth=\dimen121
\caption@tempdima=\dimen122
\caption@indent=\dimen123
\caption@parindent=\dimen124
\caption@hangindent=\dimen125
Package caption Info: Unknown document class (or package),
(caption)             standard defaults will be used.
)

Package caption Warning: Unsupported document class (or package) detected,
(caption)                usage of the caption package is not recommended.
See the caption package documentation for explanation.

Package caption Info: \@makecaption = \long macro:#1#2-> \setbox \@tempboxa \hb
ox {\small \noindent #1.~#2} \setlength {\@ctmp }{\hsize } \addtolength {\@ctmp
 }{-\@figindent }\addtolength {\@ctmp }{-\@figindent } \ifdim \wd \@tempboxa >\
@ctmp {\small #1.~#2\par } \else \hbox to\hsize {\hfil \box \@tempboxa \hfil } 
\fi .
\c@ContinuedFloat=\count104
)
\c@KVtest=\count105
\sf@farskip=\skip48
\sf@captopadj=\dimen126
\sf@capskip=\skip49
\sf@nearskip=\skip50
\c@subfigure=\count106
\c@subfigure@save=\count107
\c@lofdepth=\count108
\c@subtable=\count109
\c@subtable@save=\count110
\c@lotdepth=\count111
\sf@top=\skip51
\sf@bottom=\skip52
) (/usr/local/texlive/2017/texmf-dist/tex/latex/booktabs/booktabs.sty
Package: booktabs 2016/04/27 v1.618033 publication quality tables
\heavyrulewidth=\dimen127
\lightrulewidth=\dimen128
\cmidrulewidth=\dimen129
\belowrulesep=\dimen130
\belowbottomsep=\dimen131
\aboverulesep=\dimen132
\abovetopsep=\dimen133
\cmidrulesep=\dimen134
\cmidrulekern=\dimen135
\defaultaddspace=\dimen136
\@cmidla=\count112
\@cmidlb=\count113
\@aboverulesep=\dimen137
\@belowrulesep=\dimen138
\@thisruleclass=\count114
\@lastruleclass=\count115
\@thisrulewidth=\dimen139
)
(/usr/local/texlive/2017/texmf-dist/tex/latex/adjustbox/adjustbox.sty
Package: adjustbox 2012/05/21 v1.0 Adjusting TeX boxes (trim, clip, ...)

(/usr/local/texlive/2017/texmf-dist/tex/latex/xkeyval/xkeyval.sty
Package: xkeyval 2014/12/03 v2.7a package option processing (HA)

(/usr/local/texlive/2017/texmf-dist/tex/generic/xkeyval/xkeyval.tex
(/usr/local/texlive/2017/texmf-dist/tex/generic/xkeyval/xkvutils.tex
\XKV@toks=\toks20
\XKV@tempa@toks=\toks21
)
\XKV@depth=\count116
File: xkeyval.tex 2014/12/03 v2.7a key=value parser (HA)
))
(/usr/local/texlive/2017/texmf-dist/tex/latex/adjustbox/adjcalc.sty
Package: adjcalc 2012/05/16 v1.1 Provides advanced setlength with multiple back
-ends (calc, etex, pgfmath)
)
(/usr/local/texlive/2017/texmf-dist/tex/latex/adjustbox/trimclip.sty
Package: trimclip 2012/05/16 v1.0 Trim and clip general TeX material

(/usr/local/texlive/2017/texmf-dist/tex/latex/collectbox/collectbox.sty
Package: collectbox 2012/05/17 v0.4b Collect macro arguments as boxes
\collectedbox=\box30
)
\tc@llx=\dimen140
\tc@lly=\dimen141
\tc@urx=\dimen142
\tc@ury=\dimen143
Package trimclip Info: Using driver 'tc-pdftex.def'.

(/usr/local/texlive/2017/texmf-dist/tex/latex/adjustbox/tc-pdftex.def
File: tc-pdftex.def 2012/05/13 v1.0 Clipping driver for pdftex
))
\adjbox@Width=\dimen144
\adjbox@Height=\dimen145
\adjbox@Depth=\dimen146
\adjbox@Totalheight=\dimen147

(/usr/local/texlive/2017/texmf-dist/tex/latex/ifoddpage/ifoddpage.sty
Package: ifoddpage 2016/04/23 v1.1 Conditionals for odd/even page detection
\c@checkoddpage=\count117
)
(/usr/local/texlive/2017/texmf-dist/tex/latex/varwidth/varwidth.sty
Package: varwidth 2009/03/30 ver 0.92;  Variable-width minipages
\@vwid@box=\box31
\sift@deathcycles=\count118
\@vwid@loff=\dimen148
\@vwid@roff=\dimen149
))
(/usr/local/texlive/2017/texmf-dist/tex/latex/hyperref/hyperref.sty
Package: hyperref 2017/03/14 v6.85a Hypertext links for LaTeX

(/usr/local/texlive/2017/texmf-dist/tex/generic/oberdiek/hobsub-hyperref.sty
Package: hobsub-hyperref 2016/05/16 v1.14 Bundle oberdiek, subset hyperref (HO)


(/usr/local/texlive/2017/texmf-dist/tex/generic/oberdiek/hobsub-generic.sty
Package: hobsub-generic 2016/05/16 v1.14 Bundle oberdiek, subset generic (HO)
Package: hobsub 2016/05/16 v1.14 Construct package bundles (HO)
Package: infwarerr 2016/05/16 v1.4 Providing info/warning/error messages (HO)
Package: ltxcmds 2016/05/16 v1.23 LaTeX kernel commands for general use (HO)
Package: ifluatex 2016/05/16 v1.4 Provides the ifluatex switch (HO)
Package ifluatex Info: LuaTeX not detected.
Package: ifvtex 2016/05/16 v1.6 Detect VTeX and its facilities (HO)
Package ifvtex Info: VTeX not detected.
Package: intcalc 2016/05/16 v1.2 Expandable calculations with integers (HO)
Package: ifpdf 2017/03/15 v3.2 Provides the ifpdf switch
Package: etexcmds 2016/05/16 v1.6 Avoid name clashes with e-TeX commands (HO)
Package etexcmds Info: Could not find \expanded.
(etexcmds)             That can mean that you are not using pdfTeX 1.50 or
(etexcmds)             that some package has redefined \expanded.
(etexcmds)             In the latter case, load this package earlier.
Package: kvsetkeys 2016/05/16 v1.17 Key value parser (HO)
Package: kvdefinekeys 2016/05/16 v1.4 Define keys (HO)
Package: pdftexcmds 2017/03/19 v0.25 Utility functions of pdfTeX for LuaTeX (HO
)
Package pdftexcmds Info: LuaTeX not detected.
Package pdftexcmds Info: \pdf@primitive is available.
Package pdftexcmds Info: \pdf@ifprimitive is available.
Package pdftexcmds Info: \pdfdraftmode found.
Package: pdfescape 2016/05/16 v1.14 Implements pdfTeX's escape features (HO)
Package: bigintcalc 2016/05/16 v1.4 Expandable calculations on big integers (HO
)
Package: bitset 2016/05/16 v1.2 Handle bit-vector datatype (HO)
Package: uniquecounter 2016/05/16 v1.3 Provide unlimited unique counter (HO)
)
Package hobsub Info: Skipping package `hobsub' (already loaded).
Package: letltxmacro 2016/05/16 v1.5 Let assignment for LaTeX macros (HO)
Package: hopatch 2016/05/16 v1.3 Wrapper for package hooks (HO)
Package: xcolor-patch 2016/05/16 xcolor patch
Package: atveryend 2016/05/16 v1.9 Hooks at the very end of document (HO)
Package atveryend Info: \enddocument detected (standard20110627).
Package: atbegshi 2016/06/09 v1.18 At begin shipout hook (HO)
Package: refcount 2016/05/16 v3.5 Data extraction from label references (HO)
Package: hycolor 2016/05/16 v1.8 Color options for hyperref/bookmark (HO)
)
(/usr/local/texlive/2017/texmf-dist/tex/generic/ifxetex/ifxetex.sty
Package: ifxetex 2010/09/12 v0.6 Provides ifxetex conditional
)
(/usr/local/texlive/2017/texmf-dist/tex/latex/oberdiek/auxhook.sty
Package: auxhook 2016/05/16 v1.4 Hooks for auxiliary files (HO)
)
(/usr/local/texlive/2017/texmf-dist/tex/latex/oberdiek/kvoptions.sty
Package: kvoptions 2016/05/16 v3.12 Key value format for package options (HO)
)
\@linkdim=\dimen150
\Hy@linkcounter=\count119
\Hy@pagecounter=\count120

(/usr/local/texlive/2017/texmf-dist/tex/latex/hyperref/pd1enc.def
File: pd1enc.def 2017/03/14 v6.85a Hyperref: PDFDocEncoding definition (HO)
)
\Hy@SavedSpaceFactor=\count121

(/usr/local/texlive/2017/texmf-dist/tex/latex/latexconfig/hyperref.cfg
File: hyperref.cfg 2002/06/06 v1.2 hyperref configuration of TeXLive
)
Package hyperref Info: Option `breaklinks' set `true' on input line 4374.
Package hyperref Info: Option `bookmarks' set `false' on input line 4374.
Package hyperref Info: Hyper figures OFF on input line 4498.
Package hyperref Info: Link nesting OFF on input line 4503.
Package hyperref Info: Hyper index ON on input line 4506.
Package hyperref Info: Plain pages OFF on input line 4513.
Package hyperref Info: Backreferencing OFF on input line 4518.
Package hyperref Info: Implicit mode ON; LaTeX internals redefined.
Package hyperref Info: Bookmarks OFF on input line 4757.
\c@Hy@tempcnt=\count122

(/usr/local/texlive/2017/texmf-dist/tex/latex/url/url.sty
\Urlmuskip=\muskip11
Package: url 2013/09/16  ver 3.4  Verb mode for urls, etc.
)
LaTeX Info: Redefining \url on input line 5104.
\XeTeXLinkMargin=\dimen151
\Fld@menulength=\count123
\Field@Width=\dimen152
\Fld@charsize=\dimen153
Package hyperref Info: Hyper figures OFF on input line 6358.
Package hyperref Info: Link nesting OFF on input line 6363.
Package hyperref Info: Hyper index ON on input line 6366.
Package hyperref Info: backreferencing OFF on input line 6373.
Package hyperref Info: Link coloring OFF on input line 6378.
Package hyperref Info: Link coloring with OCG OFF on input line 6383.
Package hyperref Info: PDF/A mode OFF on input line 6388.
LaTeX Info: Redefining \ref on input line 6428.
LaTeX Info: Redefining \pageref on input line 6432.
\Hy@abspage=\count124
\c@Item=\count125
\c@Hfootnote=\count126
)

Package hyperref Message: Driver (autodetected): hpdftex.

(/usr/local/texlive/2017/texmf-dist/tex/latex/hyperref/hpdftex.def
File: hpdftex.def 2017/03/14 v6.85a Hyperref driver for pdfTeX
\Fld@listcount=\count127
\c@bookmark@seq@number=\count128

(/usr/local/texlive/2017/texmf-dist/tex/latex/oberdiek/rerunfilecheck.sty
Package: rerunfilecheck 2016/05/16 v1.8 Rerun checks for auxiliary files (HO)
Package uniquecounter Info: New unique counter `rerunfilecheck' on input line 2
82.
)
\Hy@SectionHShift=\skip53
)
(./writeup.aux)
\openout1 = `writeup.aux'.

LaTeX Font Info:    Checking defaults for OML/cmm/m/it on input line 26.
LaTeX Font Info:    ... okay on input line 26.
LaTeX Font Info:    Checking defaults for T1/cmr/m/n on input line 26.
LaTeX Font Info:    ... okay on input line 26.
LaTeX Font Info:    Checking defaults for OT1/cmr/m/n on input line 26.
LaTeX Font Info:    ... okay on input line 26.
LaTeX Font Info:    Checking defaults for OMS/cmsy/m/n on input line 26.
LaTeX Font Info:    ... okay on input line 26.
LaTeX Font Info:    Checking defaults for OMX/cmex/m/n on input line 26.
LaTeX Font Info:    ... okay on input line 26.
LaTeX Font Info:    Checking defaults for U/cmr/m/n on input line 26.
LaTeX Font Info:    ... okay on input line 26.
LaTeX Font Info:    Checking defaults for PD1/pdf/m/n on input line 26.
LaTeX Font Info:    ... okay on input line 26.
LaTeX Font Info:    Try loading font information for OT1+ptm on input line 26.
 (/usr/local/texlive/2017/texmf-dist/tex/latex/psnfss/ot1ptm.fd
File: ot1ptm.fd 2001/06/04 font definitions for OT1/ptm.
) ABD: EveryShipout initializing macros
(/usr/local/texlive/2017/texmf-dist/tex/latex/graphics/color.sty
Package: color 2016/07/10 v1.1e Standard LaTeX Color (DPC)

(/usr/local/texlive/2017/texmf-dist/tex/latex/graphics-cfg/color.cfg
File: color.cfg 2016/01/02 v1.6 sample color configuration
)
Package color Info: Driver file: pdftex.def on input line 147.
)
(/usr/local/texlive/2017/texmf-dist/tex/context/base/mkii/supp-pdf.mkii
[Loading MPS to PDF converter (version 2006.09.02).]
\scratchcounter=\count129
\scratchdimen=\dimen154
\scratchbox=\box32
\nofMPsegments=\count130
\nofMParguments=\count131
\everyMPshowfont=\toks22
\MPscratchCnt=\count132
\MPscratchDim=\dimen155
\MPnumerator=\count133
\makeMPintoPDFobject=\count134
\everyMPtoPDFconversion=\toks23
) (/usr/local/texlive/2017/texmf-dist/tex/latex/oberdiek/epstopdf-base.sty
Package: epstopdf-base 2016/05/15 v2.6 Base part for package epstopdf

(/usr/local/texlive/2017/texmf-dist/tex/latex/oberdiek/grfext.sty
Package: grfext 2016/05/16 v1.2 Manage graphics extensions (HO)
)
Package epstopdf-base Info: Redefining graphics rule for `.eps' on input line 4
38.
Package grfext Info: Graphics extension search list:
(grfext)             [.pdf,.png,.jpg,.mps,.jpeg,.jbig2,.jb2,.PDF,.PNG,.JPG,.JPE
G,.JBIG2,.JB2,.eps]
(grfext)             \AppendGraphicsExtensions on input line 456.

(/usr/local/texlive/2017/texmf-dist/tex/latex/latexconfig/epstopdf-sys.cfg
File: epstopdf-sys.cfg 2010/07/13 v1.3 Configuration of (r)epstopdf for TeX Liv
e
))
Package caption Info: Begin \AtBeginDocument code.
Package caption Info: subfig package v1.3 is loaded.
Package caption Info: hyperref package is loaded.
Package caption Info: End \AtBeginDocument code.
\AtBeginShipoutBox=\box33
Package atbegshi Info: Package `everyshi' patched.
Package hyperref Info: Link coloring OFF on input line 26.

(/usr/local/texlive/2017/texmf-dist/tex/latex/hyperref/nameref.sty
Package: nameref 2016/05/21 v2.44 Cross-referencing by name of section

(/usr/local/texlive/2017/texmf-dist/tex/generic/oberdiek/gettitlestring.sty
Package: gettitlestring 2016/05/16 v1.5 Cleanup title references (HO)
)
\c@section@level=\count135
)
LaTeX Info: Redefining \ref on input line 26.
LaTeX Info: Redefining \pageref on input line 26.
LaTeX Info: Redefining \nameref on input line 26.
LaTeX Font Info:    Font shape `OT1/ptm/bx/n' in size <14.4> not available
(Font)              Font shape `OT1/ptm/b/n' tried instead on input line 37.
LaTeX Font Info:    Try loading font information for U+msa on input line 37.

(/usr/local/texlive/2017/texmf-dist/tex/latex/amsfonts/umsa.fd
File: umsa.fd 2013/01/14 v3.01 AMS symbols A
)
LaTeX Font Info:    Try loading font information for U+msb on input line 37.

(/usr/local/texlive/2017/texmf-dist/tex/latex/amsfonts/umsb.fd
File: umsb.fd 2013/01/14 v3.01 AMS symbols B
)
LaTeX Font Info:    Try loading font information for OT1+pcr on input line 37.

(/usr/local/texlive/2017/texmf-dist/tex/latex/psnfss/ot1pcr.fd
File: ot1pcr.fd 2001/06/04 font definitions for OT1/pcr.
)
LaTeX Font Info:    Font shape `OT1/ptm/bx/n' in size <12> not available
(Font)              Font shape `OT1/ptm/b/n' tried instead on input line 40.

Underfull \hbox (badness 1460) in paragraph at lines 47--48
[]\OT1/ptm/m/n/10 Modern data-driven ma-chine learn-ing has ad-vanced
 []


Underfull \hbox (badness 2469) in paragraph at lines 49--50
[]\OT1/ptm/m/n/10 As an ex-am-ple, a pa-per from Berke-ley de-scribes
 []


Underfull \hbox (badness 3029) in paragraph at lines 49--50
\OT1/ptm/m/n/10 pix2pix [[]], in which con-vo-lu-tional neu-ral net-works
 []

<images/pix2pixHD.png, id=11, 900.36375pt x 240.9pt>
File: images/pix2pixHD.png Graphic file (type png)
<use images/pix2pixHD.png>
Package pdftex.def Info: images/pix2pixHD.png  used on input line 58. on input 
line 58.
Package pdftex.def Info: Requested size: 496.85625pt x 132.94017pt on input lin
e 58.
[1{/usr/local/texlive/2017/texmf-var/fonts/map/pdftex/updmap/pdftex.map}


]
[2 <./images/pix2pixHD.png>]
<images/manual/yellow_bricks_reddish.png, id=66, 471.7625pt x 403.5075pt>
File: images/manual/yellow_bricks_reddish.png Graphic file (type png)
<use images/manual/yellow_bricks_reddish.png>
Package pdftex.def Info: images/manual/yellow_bricks_reddish.png  used on input
 line 111. on input line 111.
Package pdftex.def Info: Requested size: 71.1415pt x 60.84367pt on input line 1
11.
<images/manual/reddish.png, id=67, 2055.68pt x 1027.84pt>
File: images/manual/reddish.png Graphic file (type png)
<use images/manual/reddish.png>
Package pdftex.def Info: images/manual/reddish.png  used on input line 115. on 
input line 115.
Package pdftex.def Info: Requested size: 165.99443pt x 82.98169pt on input line
 115.

Overfull \hbox (7.49998pt too wide) in paragraph at lines 111--116
[][][][] 
 []

<images/manual/yellow_bricks.png, id=69, 246.6816pt x 123.3408pt>
File: images/manual/yellow_bricks.png Graphic file (type png)
<use images/manual/yellow_bricks.png>
Package pdftex.def Info: images/manual/yellow_bricks.png  used on input line 12
0. on input line 120.
Package pdftex.def Info: Requested size: 71.1415pt x 35.5703pt on input line 12
0.
<images/manual/result_sat.png, id=70, 2055.68pt x 1027.84pt>
File: images/manual/result_sat.png Graphic file (type png)
<use images/manual/result_sat.png>
Package pdftex.def Info: images/manual/result_sat.png  used on input line 124. 
on input line 124.
Package pdftex.def Info: Requested size: 165.99443pt x 82.98169pt on input line
 124.

Overfull \hbox (9.99998pt too wide) in paragraph at lines 120--125
[][][][] 
 []

<images/manual/colorspace.png, id=71, 2055.68pt x 1027.84pt>
File: images/manual/colorspace.png Graphic file (type png)
<use images/manual/colorspace.png>
Package pdftex.def Info: images/manual/colorspace.png  used on input line 129. 
on input line 129.
Package pdftex.def Info: Requested size: 237.13594pt x 118.56767pt on input lin
e 129.

Overfull \hbox (5.0pt too wide) in paragraph at lines 129--130
[][] 
 []

[3 <./images/manual/yellow_bricks_reddish.png (PNG copy)> <./images/manual/redd
ish.png> <./images/manual/yellow_bricks.png> <./images/manual/result_sat.png> <
./images/manual/colorspace.png>]
LaTeX Font Info:    Font shape `OT1/ptm/bx/n' in size <10> not available
(Font)              Font shape `OT1/ptm/b/n' tried instead on input line 163.
<images/results/starry_night.jpg, id=99, 1284.8pt x 1017.8025pt>
File: images/results/starry_night.jpg Graphic file (type jpg)
<use images/results/starry_night.jpg>
Package pdftex.def Info: images/results/starry_night.jpg  used on input line 17
0. on input line 170.
Package pdftex.def Info: Requested size: 59.28398pt x 46.96391pt on input line 
170.
<images/results/starry_night_retexture.png, id=100, 545.03625pt x 272.01625pt>
File: images/results/starry_night_retexture.png Graphic file (type png)
<use images/results/starry_night_retexture.png>
Package pdftex.def Info: images/results/starry_night_retexture.png  used on inp
ut line 174. on input line 174.
Package pdftex.def Info: Requested size: 177.85194pt x 88.76118pt on input line
 174.

Overfull \hbox (7.49998pt too wide) in paragraph at lines 170--175
[][][][] 
 []

File: images/manual/yellow_bricks.png Graphic file (type png)
<use images/manual/yellow_bricks.png>
Package pdftex.def Info: images/manual/yellow_bricks.png  used on input line 19
1. on input line 191.
Package pdftex.def Info: Requested size: 118.56796pt x 59.28383pt on input line
 191.
<images/results/epoch100_real_image.jpg, id=101, 1027.84pt x 513.92pt>
File: images/results/epoch100_real_image.jpg Graphic file (type jpg)
<use images/results/epoch100_real_image.jpg>
Package pdftex.def Info: images/results/epoch100_real_image.jpg  used on input 
line 195. on input line 195.
Package pdftex.def Info: Requested size: 118.56796pt x 59.28383pt on input line
 195.

Overfull \hbox (9.99998pt too wide) in paragraph at lines 191--196
[][][][] 
 []

<images/results/yellow_bricks_activations/1.png, id=105, 589.20125pt x 307.1475
pt>
File: images/results/yellow_bricks_activations/1.png Graphic file (type png)
<use images/results/yellow_bricks_activations/1.png>
Package pdftex.def Info: images/results/yellow_bricks_activations/1.png  used o
n input line 205. on input line 205.
Package pdftex.def Info: Requested size: 118.56796pt x 61.80803pt on input line
 205.
<images/results/yellow_bricks_activations/2.png, id=106, 589.20125pt x 307.1475
pt>
File: images/results/yellow_bricks_activations/2.png Graphic file (type png)
<use images/results/yellow_bricks_activations/2.png>
Package pdftex.def Info: images/results/yellow_bricks_activations/2.png  used o
n input line 209. on input line 209.
Package pdftex.def Info: Requested size: 118.56796pt x 61.80803pt on input line
 209.

Overfull \hbox (9.99998pt too wide) in paragraph at lines 205--210
[][][][] 
 []

<images/results/yellow_bricks_activations/4.png, id=107, 589.20125pt x 307.1475
pt>
File: images/results/yellow_bricks_activations/4.png Graphic file (type png)
<use images/results/yellow_bricks_activations/4.png>
Package pdftex.def Info: images/results/yellow_bricks_activations/4.png  used o
n input line 214. on input line 214.
Package pdftex.def Info: Requested size: 118.56796pt x 61.80803pt on input line
 214.
<images/results/yellow_bricks_activations/5.png, id=108, 589.20125pt x 307.1475
pt>
File: images/results/yellow_bricks_activations/5.png Graphic file (type png)
<use images/results/yellow_bricks_activations/5.png>
Package pdftex.def Info: images/results/yellow_bricks_activations/5.png  used o
n input line 218. on input line 218.
Package pdftex.def Info: Requested size: 118.56796pt x 61.80803pt on input line
 218.

Overfull \hbox (9.99998pt too wide) in paragraph at lines 214--219
[][][][] 
 []

<images/results/yellow_bricks_activations/8.png, id=109, 589.20125pt x 307.1475
pt>
File: images/results/yellow_bricks_activations/8.png Graphic file (type png)
<use images/results/yellow_bricks_activations/8.png>
Package pdftex.def Info: images/results/yellow_bricks_activations/8.png  used o
n input line 223. on input line 223.
Package pdftex.def Info: Requested size: 118.56796pt x 61.80803pt on input line
 223.
<images/results/yellow_bricks_activations/12.png, id=110, 589.20125pt x 307.147
5pt>
File: images/results/yellow_bricks_activations/12.png Graphic file (type png)
<use images/results/yellow_bricks_activations/12.png>
Package pdftex.def Info: images/results/yellow_bricks_activations/12.png  used 
on input line 227. on input line 227.
Package pdftex.def Info: Requested size: 118.56796pt x 61.80803pt on input line
 227.

Overfull \hbox (9.99998pt too wide) in paragraph at lines 223--228
[][][][] 
 []

<images/results/yellow_bricks_activations/13.png, id=111, 589.20125pt x 307.147
5pt>
File: images/results/yellow_bricks_activations/13.png Graphic file (type png)
<use images/results/yellow_bricks_activations/13.png>
Package pdftex.def Info: images/results/yellow_bricks_activations/13.png  used 
on input line 232. on input line 232.
Package pdftex.def Info: Requested size: 118.56796pt x 61.80803pt on input line
 232.
<images/results/yellow_bricks_activations/14.png, id=112, 589.20125pt x 307.147
5pt>
File: images/results/yellow_bricks_activations/14.png Graphic file (type png)
<use images/results/yellow_bricks_activations/14.png>
Package pdftex.def Info: images/results/yellow_bricks_activations/14.png  used 
on input line 236. on input line 236.
Package pdftex.def Info: Requested size: 118.56796pt x 61.80803pt on input line
 236.

Overfull \hbox (9.99998pt too wide) in paragraph at lines 232--237
[][][][] 
 []

<images/results/yellow_bricks_activations/15.png, id=113, 589.20125pt x 307.147
5pt>
File: images/results/yellow_bricks_activations/15.png Graphic file (type png)
<use images/results/yellow_bricks_activations/15.png>
Package pdftex.def Info: images/results/yellow_bricks_activations/15.png  used 
on input line 241. on input line 241.
Package pdftex.def Info: Requested size: 118.56796pt x 61.80803pt on input line
 241.
<images/results/yellow_bricks_activations/18.png, id=114, 589.20125pt x 307.147
5pt>
File: images/results/yellow_bricks_activations/18.png Graphic file (type png)
<use images/results/yellow_bricks_activations/18.png>
Package pdftex.def Info: images/results/yellow_bricks_activations/18.png  used 
on input line 245. on input line 245.
Package pdftex.def Info: Requested size: 118.56796pt x 61.80803pt on input line
 245.

Overfull \hbox (9.99998pt too wide) in paragraph at lines 241--246
[][][][] 
 []

[4 <./images/results/starry_night.jpg> <./images/results/starry_night_retexture
.png> <./images/results/epoch100_real_image.jpg> <./images/results/yellow_brick
s_activations/1.png> <./images/results/yellow_bricks_activations/2.png> <./imag
es/results/yellow_bricks_activations/4.png> <./images/results/yellow_bricks_act
ivations/5.png> <./images/results/yellow_bricks_activations/8.png> <./images/re
sults/yellow_bricks_activations/12.png> <./images/results/yellow_bricks_activat
ions/13.png> <./images/results/yellow_bricks_activations/14.png> <./images/resu
lts/yellow_bricks_activations/15.png> <./images/results/yellow_bricks_activatio
ns/18.png>]
<images/results/decent_texture_transfer_sw_100-tv_0-cw_0-01.png, id=151, 1079.0
3125pt x 541.02126pt>
File: images/results/decent_texture_transfer_sw_100-tv_0-cw_0-01.png Graphic fi
le (type png)
<use images/results/decent_texture_transfer_sw_100-tv_0-cw_0-01.png>
Package pdftex.def Info: images/results/decent_texture_transfer_sw_100-tv_0-cw_
0-01.png  used on input line 254. on input line 254.
Package pdftex.def Info: Requested size: 237.13594pt x 118.89296pt on input lin
e 254.
LaTeX Font Info:    Font shape `OT1/ptm/bx/sc' in size <9> not available
(Font)              Font shape `OT1/ptm/b/sc' tried instead on input line 278.
<images/results/grass.jpg, id=155, 1027.84pt x 770.88pt>
File: images/results/grass.jpg Graphic file (type jpg)
<use images/results/grass.jpg>
Package pdftex.def Info: images/results/grass.jpg  used on input line 322. on i
nput line 322.
Package pdftex.def Info: Requested size: 59.28398pt x 44.46288pt on input line 
322.
<images/results/grass_road.png, id=156, 1092.08pt x 541.02126pt>
File: images/results/grass_road.png Graphic file (type png)
<use images/results/grass_road.png>
Package pdftex.def Info: images/results/grass_road.png  used on input line 326.
 on input line 326.
Package pdftex.def Info: Requested size: 177.85194pt x 88.1089pt on input line 
326.

Overfull \hbox (9.99998pt too wide) in paragraph at lines 322--327
[][][][] 
 []

<images/results/pizza.png, id=157, 999.735pt x 534.99875pt>
File: images/results/pizza.png Graphic file (type png)
<use images/results/pizza.png>
Package pdftex.def Info: images/results/pizza.png  used on input line 331. on i
nput line 331.
Package pdftex.def Info: Requested size: 59.28398pt x 31.72302pt on input line 
331.
<images/results/pizza_road.png, id=158, 1090.0725pt x 542.025pt>
File: images/results/pizza_road.png Graphic file (type png)
<use images/results/pizza_road.png>
Package pdftex.def Info: images/results/pizza_road.png  used on input line 335.
 on input line 335.
Package pdftex.def Info: Requested size: 177.85194pt x 88.42952pt on input line
 335.

Overfull \hbox (9.99998pt too wide) in paragraph at lines 331--336
[][][][] 
 []

[5 <./images/results/decent_texture_transfer_sw_100-tv_0-cw_0-01.png> <./images
/results/grass.jpg> <./images/results/grass_road.png> <./images/results/pizza.p
ng> <./images/results/pizza_road.png>]
<images/feature_space.png, id=179, 520.94624pt x 266.49562pt>
File: images/feature_space.png Graphic file (type png)
<use images/feature_space.png>
Package pdftex.def Info: images/feature_space.png  used on input line 354. on i
nput line 354.
Package pdftex.def Info: Requested size: 237.13594pt x 121.30855pt on input lin
e 354.
<images/reddish_colorized_generated.png, id=182, 962.59625pt x 479.7925pt>
File: images/reddish_colorized_generated.png Graphic file (type png)
<use images/reddish_colorized_generated.png>
Package pdftex.def Info: images/reddish_colorized_generated.png  used on input 
line 366. on input line 366.
Package pdftex.def Info: Requested size: 213.4209pt x 106.37462pt on input line
 366.
File: images/manual/reddish.png Graphic file (type png)
<use images/manual/reddish.png>
Package pdftex.def Info: images/manual/reddish.png  used on input line 372. on 
input line 372.
Package pdftex.def Info: Requested size: 118.56796pt x 59.28383pt on input line
 372.
<images/golden_colorized_generated.png, id=183, 931.48pt x 466.74374pt>
File: images/golden_colorized_generated.png Graphic file (type png)
<use images/golden_colorized_generated.png>
Package pdftex.def Info: images/golden_colorized_generated.png  used on input l
ine 377. on input line 377.
Package pdftex.def Info: Requested size: 213.4209pt x 106.93573pt on input line
 377.
File: images/manual/result_sat.png Graphic file (type png)
<use images/manual/result_sat.png>
Package pdftex.def Info: images/manual/result_sat.png  used on input line 384. 
on input line 384.
Package pdftex.def Info: Requested size: 118.56796pt x 59.28383pt on input line
 384.
<images/color_shift_colorized_generated.png, id=186, 966.61125pt x 481.8pt>
File: images/color_shift_colorized_generated.png Graphic file (type png)
<use images/color_shift_colorized_generated.png>
Package pdftex.def Info: images/color_shift_colorized_generated.png  used on in
put line 389. on input line 389.
Package pdftex.def Info: Requested size: 213.4209pt x 106.3786pt on input line 
389.
File: images/manual/colorspace.png Graphic file (type png)
<use images/manual/colorspace.png>
Package pdftex.def Info: images/manual/colorspace.png  used on input line 395. 
on input line 395.
Package pdftex.def Info: Requested size: 118.56796pt x 59.28383pt on input line
 395.
 [6 <./images/feature_space.png> <./images/reddish_colorized_generated.png> <./
images/golden_colorized_generated.png> <./images/color_shift_colorized_generate
d.png>]
<images/10_epoch_cos_decay.pdf, id=214, pagebox=cropbox, 433.62pt x 289.08pt>
File: images/10_epoch_cos_decay.pdf Graphic file (type pdf)
<use images/10_epoch_cos_decay.pdf>
Package pdftex.def Info: images/10_epoch_cos_decay.pdf  used on input line 442.
 on input line 442.
Package pdftex.def Info: Requested size: 118.56796pt x 79.0451pt on input line 
442.
File: images/manual/colorspace.png Graphic file (type png)
<use images/manual/colorspace.png>
Package pdftex.def Info: images/manual/colorspace.png  used on input line 445. 
on input line 445.
Package pdftex.def Info: Requested size: 118.56796pt x 59.28383pt on input line
 445.

Overfull \hbox (9.99998pt too wide) in paragraph at lines 442--446
[][][][] 
 []

<images/cos_10_epoch_color_shift.png, id=215, 964.60374pt x 478.78876pt>
File: images/cos_10_epoch_color_shift.png Graphic file (type png)
<use images/cos_10_epoch_color_shift.png>
Package pdftex.def Info: images/cos_10_epoch_color_shift.png  used on input lin
e 449. on input line 449.
Package pdftex.def Info: Requested size: 237.13594pt x 117.70242pt on input lin
e 449.

Overfull \hbox (5.0pt too wide) in paragraph at lines 449--450
[][] 
 []

<images/20_epoch_cos_decay.pdf, id=216, pagebox=cropbox, 433.62pt x 289.08pt>
File: images/20_epoch_cos_decay.pdf Graphic file (type pdf)
<use images/20_epoch_cos_decay.pdf>
Package pdftex.def Info: images/20_epoch_cos_decay.pdf  used on input line 458.
 on input line 458.
Package pdftex.def Info: Requested size: 118.56796pt x 79.0451pt on input line 
458.
File: images/manual/colorspace.png Graphic file (type png)
<use images/manual/colorspace.png>
Package pdftex.def Info: images/manual/colorspace.png  used on input line 461. 
on input line 461.
Package pdftex.def Info: Requested size: 118.56796pt x 59.28383pt on input line
 461.

Overfull \hbox (9.99998pt too wide) in paragraph at lines 458--462
[][][][] 
 []

<images/cos_20_epoch_color_shift.png, id=217, 950.55125pt x 474.77374pt>
File: images/cos_20_epoch_color_shift.png Graphic file (type png)
<use images/cos_20_epoch_color_shift.png>
Package pdftex.def Info: images/cos_20_epoch_color_shift.png  used on input lin
e 465. on input line 465.
Package pdftex.def Info: Requested size: 237.13594pt x 118.43958pt on input lin
e 465.

Overfull \hbox (5.0pt too wide) in paragraph at lines 465--466
[][] 
 []

(./writeup.bbl [7 <./images/10_epoch_cos_decay.pdf> <./images/cos_10_epoch_colo
r_shift.png> <./images/20_epoch_cos_decay.pdf

pdfTeX warning: pdflatex (file ./images/20_epoch_cos_decay.pdf): PDF inclusion:
 multiple pdfs with page group included in a single page
> <./images/cos_20_epoch_color_shift.png>]
Underfull \hbox (badness 1325) in paragraph at lines 11--14
[]\OT1/ptm/m/n/9 O. Dia-manti, C. Barnes, S. Paris, E. Shecht-man, and
 []


Underfull \hbox (badness 4229) in paragraph at lines 60--64
[]\OT1/ptm/m/n/9 D. Mehta, S. Srid-har, O. Sot-ny-chenko, H. Rhodin,
 []

)
Package atveryend Info: Empty hook `BeforeClearDocument' on input line 486.
 [8]
Package atveryend Info: Empty hook `AfterLastShipout' on input line 486.
 (./writeup.aux)
Package atveryend Info: Executing hook `AtVeryEndDocument' on input line 486.
Package atveryend Info: Empty hook `AtEndAfterFileList' on input line 486.
Package atveryend Info: Empty hook `AtVeryVeryEnd' on input line 486.
 ) 
Here is how much of TeX's memory you used:
 8572 strings out of 492990
 132984 string characters out of 6132620
 224543 words of memory out of 5000000
 11852 multiletter control sequences out of 15000+600000
 37940 words of font info for 82 fonts, out of 8000000 for 9000
 1141 hyphenation exceptions out of 8191
 44i,10n,87p,1102b,475s stack positions out of 5000i,500n,10000p,200000b,80000s
{/usr/local/texlive/2017/texmf-dist/fonts/enc/dvips/base/8r.enc}</usr/local/t
exlive/2017/texmf-dist/fonts/type1/public/amsfonts/cm/cmmi9.pfb></usr/local/tex
live/2017/texmf-dist/fonts/type1/public/amsfonts/cm/cmr9.pfb></usr/local/texliv
e/2017/texmf-dist/fonts/type1/public/amsfonts/cm/cmsy10.pfb></usr/local/texlive
/2017/texmf-dist/fonts/type1/public/amsfonts/cm/cmsy9.pfb></usr/local/texlive/2
017/texmf-dist/fonts/type1/urw/courier/ucrr8a.pfb></usr/local/texlive/2017/texm
f-dist/fonts/type1/urw/times/utmb8a.pfb></usr/local/texlive/2017/texmf-dist/fon
ts/type1/urw/times/utmr8a.pfb></usr/local/texlive/2017/texmf-dist/fonts/type1/u
rw/times/utmri8a.pfb>
Output written on writeup.pdf (8 pages, 25852926 bytes).
PDF statistics:
 357 PDF objects out of 1000 (max. 8388607)
 225 compressed objects within 3 object streams
 95 named destinations out of 1000 (max. 500000)
 161 words of extra memory for PDF output out of 10000 (max. 10000000)

